<?xml version="1.0" encoding="UTF-8"?>
<testsuites name="jest tests" tests="2" failures="0" time="0.278">
  <testsuite name="" errors="0" failures="0" skipped="0" timestamp="2023-02-22T08:52:50" time="0.266" tests="2">
    <testcase classname=" Stworzono klasę Apple" name=" Stworzono klasę Apple" time="0.001">
    </testcase>
    <testcase classname=" Poprawnie ustawiono parametry Apple" name=" Poprawnie ustawiono parametry Apple" time="0">
    </testcase>
  </testsuite>
</testsuites>